:: loading settings :: url = jar:file:/opt/bitnami/spark/jars/ivy-2.5.0.jar!/org/apache/ivy/core/settings/ivysettings.xml
Ivy Default Cache set to: /opt/bitnami/spark/.ivy2/cache
The jars for the packages stored in: /opt/bitnami/spark/.ivy2/jars
org.apache.spark#spark-sql-kafka-0-10_2.12 added as a dependency
org.postgresql#postgresql added as a dependency
:: resolving dependencies :: org.apache.spark#spark-submit-parent-2e42ca47-2ae5-4a08-bf99-6a1febc24225;1.0
	confs: [default]
	found org.apache.spark#spark-sql-kafka-0-10_2.12;3.1.2 in central
	found org.apache.spark#spark-token-provider-kafka-0-10_2.12;3.1.2 in central
	found org.apache.kafka#kafka-clients;2.6.0 in central
	found com.github.luben#zstd-jni;1.4.8-1 in central
	found org.lz4#lz4-java;1.7.1 in central
	found org.xerial.snappy#snappy-java;1.1.8.2 in central
	found org.slf4j#slf4j-api;1.7.30 in central
	found org.spark-project.spark#unused;1.0.0 in central
	found org.apache.commons#commons-pool2;2.6.2 in central
	found org.postgresql#postgresql;42.3.1 in central
	found org.checkerframework#checker-qual;3.5.0 in central
downloading https://repo1.maven.org/maven2/org/postgresql/postgresql/42.3.1/postgresql-42.3.1.jar ...
downloading https://repo1.maven.org/maven2/org/apache/kafka/kafka-clients/2.6.0/kafka-clients-2.6.0.jar ...
	[SUCCESSFUL ] org.apache.kafka#kafka-clients;2.6.0!kafka-clients.jar (82269ms)
downloading https://repo1.maven.org/maven2/org/apache/commons/commons-pool2/2.6.2/commons-pool2-2.6.2.jar ...
	[SUCCESSFUL ] org.apache.commons#commons-pool2;2.6.2!commons-pool2.jar (639ms)
downloading https://repo1.maven.org/maven2/org/spark-project/spark/unused/1.0.0/unused-1.0.0.jar ...
	[SUCCESSFUL ] org.spark-project.spark#unused;1.0.0!unused.jar (155ms)
downloading https://repo1.maven.org/maven2/com/github/luben/zstd-jni/1.4.8-1/zstd-jni-1.4.8-1.jar ...
	[SUCCESSFUL ] com.github.luben#zstd-jni;1.4.8-1!zstd-jni.jar (32845ms)
downloading https://repo1.maven.org/maven2/org/lz4/lz4-java/1.7.1/lz4-java-1.7.1.jar ...
	[SUCCESSFUL ] org.lz4#lz4-java;1.7.1!lz4-java.jar (3426ms)
downloading https://repo1.maven.org/maven2/org/xerial/snappy/snappy-java/1.1.8.2/snappy-java-1.1.8.2.jar ...
	[SUCCESSFUL ] org.xerial.snappy#snappy-java;1.1.8.2!snappy-java.jar(bundle) (10212ms)
downloading https://repo1.maven.org/maven2/org/slf4j/slf4j-api/1.7.30/slf4j-api-1.7.30.jar ...
	[SUCCESSFUL ] org.slf4j#slf4j-api;1.7.30!slf4j-api.jar (458ms)
downloading https://repo1.maven.org/maven2/org/checkerframework/checker-qual/3.5.0/checker-qual-3.5.0.jar ...
	[SUCCESSFUL ] org.checkerframework#checker-qual;3.5.0!checker-qual.jar (847ms)
:: resolution report :: resolve 357ms :: artifacts dl 161628ms
	:: modules in use:
	com.github.luben#zstd-jni;1.4.8-1 from central in [default]
	org.apache.commons#commons-pool2;2.6.2 from central in [default]
	org.apache.kafka#kafka-clients;2.6.0 from central in [default]
	org.apache.spark#spark-sql-kafka-0-10_2.12;3.1.2 from central in [default]
	org.apache.spark#spark-token-provider-kafka-0-10_2.12;3.1.2 from central in [default]
	org.checkerframework#checker-qual;3.5.0 from central in [default]
	org.lz4#lz4-java;1.7.1 from central in [default]
	org.postgresql#postgresql;42.3.1 from central in [default]
	org.slf4j#slf4j-api;1.7.30 from central in [default]
	org.spark-project.spark#unused;1.0.0 from central in [default]
	org.xerial.snappy#snappy-java;1.1.8.2 from central in [default]
	---------------------------------------------------------------------
	|                  |            modules            ||   artifacts   |
	|       conf       | number| search|dwnlded|evicted|| number|dwnlded|
	---------------------------------------------------------------------
	|      default     |   11  |   0   |   0   |   0   ||   11  |   8   |
	---------------------------------------------------------------------

:: problems summary ::
:::: WARNINGS
		[FAILED     ] org.postgresql#postgresql;42.3.1!postgresql.jar: Downloaded file size (0) doesn't match expected Content Length (1015689) for https://repo1.maven.org/maven2/org/postgresql/postgresql/42.3.1/postgresql-42.3.1.jar. Please retry. (30750ms)

		[FAILED     ] org.postgresql#postgresql;42.3.1!postgresql.jar: Downloaded file size (0) doesn't match expected Content Length (1015689) for https://repo1.maven.org/maven2/org/postgresql/postgresql/42.3.1/postgresql-42.3.1.jar. Please retry. (30750ms)

	==== central: tried

	  https://repo1.maven.org/maven2/org/postgresql/postgresql/42.3.1/postgresql-42.3.1.jar

		::::::::::::::::::::::::::::::::::::::::::::::

		::              FAILED DOWNLOADS            ::

		:: ^ see resolution messages for details  ^ ::

		::::::::::::::::::::::::::::::::::::::::::::::

		:: org.postgresql#postgresql;42.3.1!postgresql.jar

		::::::::::::::::::::::::::::::::::::::::::::::



:: USE VERBOSE OR DEBUG MESSAGE LEVEL FOR MORE DETAILS
Exception in thread "main" java.lang.RuntimeException: [download failed: org.postgresql#postgresql;42.3.1!postgresql.jar]
	at org.apache.spark.deploy.SparkSubmitUtils$.resolveMavenCoordinates(SparkSubmit.scala:1456)
	at org.apache.spark.util.DependencyUtils$.resolveMavenDependencies(DependencyUtils.scala:185)
	at org.apache.spark.deploy.SparkSubmit.prepareSubmitEnvironment(SparkSubmit.scala:308)
	at org.apache.spark.deploy.SparkSubmit.org$apache$spark$deploy$SparkSubmit$$runMain(SparkSubmit.scala:901)
	at org.apache.spark.deploy.SparkSubmit.doRunMain$1(SparkSubmit.scala:180)
	at org.apache.spark.deploy.SparkSubmit.submit(SparkSubmit.scala:203)
	at org.apache.spark.deploy.SparkSubmit.doSubmit(SparkSubmit.scala:90)
	at org.apache.spark.deploy.SparkSubmit$$anon$2.doSubmit(SparkSubmit.scala:1046)
	at org.apache.spark.deploy.SparkSubmit$.main(SparkSubmit.scala:1055)
	at org.apache.spark.deploy.SparkSubmit.main(SparkSubmit.scala)
Traceback (most recent call last):
  File "spark_carts_processor.py", line 186, in <module>
    spark = create_spark_session()
  File "spark_carts_processor.py", line 30, in create_spark_session
    return SparkSession.builder \
  File "/opt/bitnami/spark/python/pyspark/sql/session.py", line 269, in getOrCreate
    sc = SparkContext.getOrCreate(sparkConf)
  File "/opt/bitnami/spark/python/pyspark/context.py", line 483, in getOrCreate
    SparkContext(conf=conf or SparkConf())
  File "/opt/bitnami/spark/python/pyspark/context.py", line 195, in __init__
    SparkContext._ensure_initialized(self, gateway=gateway, conf=conf)
  File "/opt/bitnami/spark/python/pyspark/context.py", line 417, in _ensure_initialized
    SparkContext._gateway = gateway or launch_gateway(conf)
  File "/opt/bitnami/spark/python/pyspark/java_gateway.py", line 106, in launch_gateway
    raise RuntimeError("Java gateway process exited before sending its port number")
RuntimeError: Java gateway process exited before sending its port number
